21-May-2025 10:10:50.454 INFO [main] org.apache.catalina.startup.VersionLoggerListener.log Server version name:   Apache Tomcat/10.1.40
21-May-2025 10:10:50.469 INFO [main] org.apache.catalina.startup.VersionLoggerListener.log Server built:          Apr 1 2025 17:20:53 UTC
21-May-2025 10:10:50.470 INFO [main] org.apache.catalina.startup.VersionLoggerListener.log Server version number: 10.1.40.0
21-May-2025 10:10:50.470 INFO [main] org.apache.catalina.startup.VersionLoggerListener.log OS Name:               Windows 11
21-May-2025 10:10:50.470 INFO [main] org.apache.catalina.startup.VersionLoggerListener.log OS Version:            10.0
21-May-2025 10:10:50.470 INFO [main] org.apache.catalina.startup.VersionLoggerListener.log Architecture:          amd64
21-May-2025 10:10:50.470 INFO [main] org.apache.catalina.startup.VersionLoggerListener.log Java Home:             C:\Users\Phuc\.jdks\ms-17.0.15
21-May-2025 10:10:50.470 INFO [main] org.apache.catalina.startup.VersionLoggerListener.log JVM Version:           17.0.15+6-LTS
21-May-2025 10:10:50.470 INFO [main] org.apache.catalina.startup.VersionLoggerListener.log JVM Vendor:            Microsoft
21-May-2025 10:10:50.470 INFO [main] org.apache.catalina.startup.VersionLoggerListener.log CATALINA_BASE:         C:\Users\Phuc\IdeaProjects\WEBCKY2
21-May-2025 10:10:50.470 INFO [main] org.apache.catalina.startup.VersionLoggerListener.log CATALINA_HOME:         C:\Users\Phuc\IdeaProjects\apache-tomcat-10.1.40
21-May-2025 10:10:50.484 INFO [main] org.apache.catalina.startup.VersionLoggerListener.log Command line argument: --add-opens=java.base/java.lang=ALL-UNNAMED
21-May-2025 10:10:50.484 INFO [main] org.apache.catalina.startup.VersionLoggerListener.log Command line argument: --add-opens=java.base/java.io=ALL-UNNAMED
21-May-2025 10:10:50.484 INFO [main] org.apache.catalina.startup.VersionLoggerListener.log Command line argument: --add-opens=java.base/java.util=ALL-UNNAMED
21-May-2025 10:10:50.485 INFO [main] org.apache.catalina.startup.VersionLoggerListener.log Command line argument: --add-opens=java.base/java.util.concurrent=ALL-UNNAMED
21-May-2025 10:10:50.485 INFO [main] org.apache.catalina.startup.VersionLoggerListener.log Command line argument: --add-opens=java.rmi/sun.rmi.transport=ALL-UNNAMED
21-May-2025 10:10:50.485 INFO [main] org.apache.catalina.startup.VersionLoggerListener.log Command line argument: -Dcatalina.home=C:\Users\Phuc\IdeaProjects\apache-tomcat-10.1.40
21-May-2025 10:10:50.485 INFO [main] org.apache.catalina.startup.VersionLoggerListener.log Command line argument: -Dcatalina.base=C:\Users\Phuc\IdeaProjects\WEBCKY2
21-May-2025 10:10:50.485 INFO [main] org.apache.catalina.startup.VersionLoggerListener.log Command line argument: -Djava.io.tmpdir=C:\Users\Phuc\IdeaProjects\WEBCKY2\temp
21-May-2025 10:10:50.485 INFO [main] org.apache.catalina.startup.VersionLoggerListener.log Command line argument: -Djava.util.logging.config.file=C:\Users\Phuc\IdeaProjects\WEBCKY2\conf\logging.properties
21-May-2025 10:10:50.485 INFO [main] org.apache.catalina.startup.VersionLoggerListener.log Command line argument: -Djava.util.logging.manager=org.apache.juli.ClassLoaderLogManager
21-May-2025 10:10:50.485 INFO [main] org.apache.catalina.startup.VersionLoggerListener.log Command line argument: -javaagent:C:\Program Files\JetBrains\IntelliJ IDEA Community Edition 2024.2.1\lib\idea_rt.jar=51582:C:\Program Files\JetBrains\IntelliJ IDEA Community Edition 2024.2.1\bin
21-May-2025 10:10:50.486 INFO [main] org.apache.catalina.startup.VersionLoggerListener.log Command line argument: -Dfile.encoding=UTF-8
21-May-2025 10:10:50.495 INFO [main] org.apache.catalina.core.AprLifecycleListener.lifecycleEvent Loaded Apache Tomcat Native library [2.0.8] using APR version [1.7.4].
21-May-2025 10:10:50.519 INFO [main] org.apache.catalina.core.AprLifecycleListener.initializeSSL OpenSSL successfully initialized [OpenSSL 3.0.14 4 Jun 2024]
21-May-2025 10:10:50.908 INFO [main] org.apache.coyote.AbstractProtocol.init Initializing ProtocolHandler ["http-nio-8080"]
21-May-2025 10:10:50.928 INFO [main] org.apache.catalina.startup.Catalina.load Server initialization in [789] milliseconds
21-May-2025 10:10:51.024 INFO [main] org.apache.catalina.core.StandardService.startInternal Starting service [Catalina]
21-May-2025 10:10:51.024 INFO [main] org.apache.catalina.core.StandardEngine.startInternal Starting Servlet engine: [Apache Tomcat/10.1.40]
21-May-2025 10:10:51.049 INFO [main] org.apache.catalina.startup.HostConfig.deployDescriptor Deploying deployment descriptor [C:\Users\Phuc\IdeaProjects\WEBCKY2\conf\Catalina\localhost\WEBCKY2.xml]
